[1.137s] DEBUG:colcon:Command line arguments: ['/usr/bin/colcon', 'build']
[1.137s] DEBUG:colcon:Parsed command line arguments: Namespace(log_base=None, log_level=None, verb_name='build', build_base='build', install_base='install', merge_install=False, symlink_install=False, test_result_base=None, continue_on_error=False, executor='parallel', parallel_workers=16, event_handlers=None, ignore_user_meta=False, metas=['./colcon.meta'], base_paths=['.'], packages_ignore=None, packages_ignore_regex=None, paths=None, packages_up_to=None, packages_up_to_regex=None, packages_above=None, packages_above_and_dependencies=None, packages_above_depth=None, packages_select_by_dep=None, packages_skip_by_dep=None, packages_skip_up_to=None, packages_select_build_failed=False, packages_skip_build_finished=False, packages_select_test_failures=False, packages_skip_test_passed=False, packages_select=None, packages_skip=None, packages_select_regex=None, packages_skip_regex=None, packages_start=None, packages_end=None, allow_overriding=[], cmake_args=None, cmake_target=None, cmake_target_skip_unavailable=False, cmake_clean_cache=False, cmake_clean_first=False, cmake_force_configure=False, ament_cmake_args=None, catkin_cmake_args=None, catkin_skip_building_tests=False, mixin_files=None, mixin=None, verb_parser=<colcon_mixin.mixin.mixin_argument.MixinArgumentDecorator object at 0x7fc51d4f4d00>, verb_extension=<colcon_core.verb.build.BuildVerb object at 0x7fc51d4c3e50>, main=<bound method BuildVerb.main of <colcon_core.verb.build.BuildVerb object at 0x7fc51d4c3e50>>, mixin_verb=('build',))
[1.658s] Level 1:colcon.colcon_core.package_discovery:discover_packages(colcon_meta) check parameters
[1.658s] Level 1:colcon.colcon_core.package_discovery:discover_packages(recursive) check parameters
[1.658s] Level 1:colcon.colcon_core.package_discovery:discover_packages(ignore) check parameters
[1.658s] Level 1:colcon.colcon_core.package_discovery:discover_packages(path) check parameters
[1.658s] Level 1:colcon.colcon_core.package_discovery:discover_packages(colcon_meta) discover
[1.659s] Level 1:colcon.colcon_core.package_discovery:discover_packages(recursive) discover
[1.659s] INFO:colcon.colcon_core.package_discovery:Crawling recursively for packages in '/home/user/catkin_ws'
[1.659s] Level 1:colcon.colcon_core.package_identification:_identify(.) by extensions ['ignore', 'ignore_ament_install']
[1.659s] Level 1:colcon.colcon_core.package_identification:_identify(.) by extension 'ignore'
[1.659s] Level 1:colcon.colcon_core.package_identification:_identify(.) by extension 'ignore_ament_install'
[1.659s] Level 1:colcon.colcon_core.package_identification:_identify(.) by extensions ['colcon_pkg']
[1.659s] Level 1:colcon.colcon_core.package_identification:_identify(.) by extension 'colcon_pkg'
[1.659s] Level 1:colcon.colcon_core.package_identification:_identify(.) by extensions ['colcon_meta']
[1.659s] Level 1:colcon.colcon_core.package_identification:_identify(.) by extension 'colcon_meta'
[1.660s] Level 1:colcon.colcon_core.package_identification:_identify(.) by extensions ['ros']
[1.660s] Level 1:colcon.colcon_core.package_identification:_identify(.) by extension 'ros'
[1.689s] Level 1:colcon.colcon_core.package_identification:_identify(.) by extensions ['cmake', 'python']
[1.689s] Level 1:colcon.colcon_core.package_identification:_identify(.) by extension 'cmake'
[1.689s] Level 1:colcon.colcon_core.package_identification:_identify(.) by extension 'python'
[1.689s] Level 1:colcon.colcon_core.package_identification:_identify(.) by extensions ['python_setup_py']
[1.689s] Level 1:colcon.colcon_core.package_identification:_identify(.) by extension 'python_setup_py'
[1.690s] Level 1:colcon.colcon_core.package_identification:_identify(build) by extensions ['ignore', 'ignore_ament_install']
[1.690s] Level 1:colcon.colcon_core.package_identification:_identify(build) by extension 'ignore'
[1.690s] Level 1:colcon.colcon_core.package_identification:_identify(build) ignored
[1.690s] Level 1:colcon.colcon_core.package_identification:_identify(install) by extensions ['ignore', 'ignore_ament_install']
[1.691s] Level 1:colcon.colcon_core.package_identification:_identify(install) by extension 'ignore'
[1.691s] Level 1:colcon.colcon_core.package_identification:_identify(install) ignored
[1.691s] Level 1:colcon.colcon_core.package_identification:_identify(log) by extensions ['ignore', 'ignore_ament_install']
[1.691s] Level 1:colcon.colcon_core.package_identification:_identify(log) by extension 'ignore'
[1.691s] Level 1:colcon.colcon_core.package_identification:_identify(log) ignored
[1.692s] Level 1:colcon.colcon_core.package_identification:_identify(src) by extensions ['ignore', 'ignore_ament_install']
[1.692s] Level 1:colcon.colcon_core.package_identification:_identify(src) by extension 'ignore'
[1.692s] Level 1:colcon.colcon_core.package_identification:_identify(src) by extension 'ignore_ament_install'
[1.692s] Level 1:colcon.colcon_core.package_identification:_identify(src) by extensions ['colcon_pkg']
[1.692s] Level 1:colcon.colcon_core.package_identification:_identify(src) by extension 'colcon_pkg'
[1.693s] Level 1:colcon.colcon_core.package_identification:_identify(src) by extensions ['colcon_meta']
[1.693s] Level 1:colcon.colcon_core.package_identification:_identify(src) by extension 'colcon_meta'
[1.693s] Level 1:colcon.colcon_core.package_identification:_identify(src) by extensions ['ros']
[1.693s] Level 1:colcon.colcon_core.package_identification:_identify(src) by extension 'ros'
[1.693s] Level 1:colcon.colcon_core.package_identification:_identify(src) by extensions ['cmake', 'python']
[1.693s] Level 1:colcon.colcon_core.package_identification:_identify(src) by extension 'cmake'
[1.693s] Level 1:colcon.colcon_core.package_identification:_identify(src) by extension 'python'
[1.693s] Level 1:colcon.colcon_core.package_identification:_identify(src) by extensions ['python_setup_py']
[1.693s] Level 1:colcon.colcon_core.package_identification:_identify(src) by extension 'python_setup_py'
[1.694s] Level 1:colcon.colcon_core.package_identification:_identify(src/simple_talker) by extensions ['ignore', 'ignore_ament_install']
[1.694s] Level 1:colcon.colcon_core.package_identification:_identify(src/simple_talker) by extension 'ignore'
[1.694s] Level 1:colcon.colcon_core.package_identification:_identify(src/simple_talker) by extension 'ignore_ament_install'
[1.695s] Level 1:colcon.colcon_core.package_identification:_identify(src/simple_talker) by extensions ['colcon_pkg']
[1.695s] Level 1:colcon.colcon_core.package_identification:_identify(src/simple_talker) by extension 'colcon_pkg'
[1.695s] Level 1:colcon.colcon_core.package_identification:_identify(src/simple_talker) by extensions ['colcon_meta']
[1.695s] Level 1:colcon.colcon_core.package_identification:_identify(src/simple_talker) by extension 'colcon_meta'
[1.695s] Level 1:colcon.colcon_core.package_identification:_identify(src/simple_talker) by extensions ['ros']
[1.695s] Level 1:colcon.colcon_core.package_identification:_identify(src/simple_talker) by extension 'ros'
[1.703s] DEBUG:colcon.colcon_core.package_identification:Package 'src/simple_talker' with type 'ros.ament_cmake' and name 'simple_talker'
[1.703s] Level 1:colcon.colcon_core.package_discovery:discover_packages(recursive) using defaults
[1.704s] Level 1:colcon.colcon_core.package_discovery:discover_packages(ignore) discover
[1.704s] Level 1:colcon.colcon_core.package_discovery:discover_packages(ignore) using defaults
[1.704s] Level 1:colcon.colcon_core.package_discovery:discover_packages(path) discover
[1.704s] Level 1:colcon.colcon_core.package_discovery:discover_packages(path) using defaults
[1.772s] Level 1:colcon.colcon_core.package_discovery:discover_packages(prefix_path) check parameters
[1.772s] Level 1:colcon.colcon_core.package_discovery:discover_packages(prefix_path) discover
[1.781s] DEBUG:colcon.colcon_installed_package_information.package_discovery:Found 270 installed packages in /opt/ros/humble
[1.785s] Level 1:colcon.colcon_core.package_discovery:discover_packages(prefix_path) using defaults
[1.859s] Level 5:colcon.colcon_core.verb:set package 'simple_talker' build argument 'cmake_args' from command line to 'None'
[1.859s] Level 5:colcon.colcon_core.verb:set package 'simple_talker' build argument 'cmake_target' from command line to 'None'
[1.859s] Level 5:colcon.colcon_core.verb:set package 'simple_talker' build argument 'cmake_target_skip_unavailable' from command line to 'False'
[1.859s] Level 5:colcon.colcon_core.verb:set package 'simple_talker' build argument 'cmake_clean_cache' from command line to 'False'
[1.859s] Level 5:colcon.colcon_core.verb:set package 'simple_talker' build argument 'cmake_clean_first' from command line to 'False'
[1.859s] Level 5:colcon.colcon_core.verb:set package 'simple_talker' build argument 'cmake_force_configure' from command line to 'False'
[1.859s] Level 5:colcon.colcon_core.verb:set package 'simple_talker' build argument 'ament_cmake_args' from command line to 'None'
[1.859s] Level 5:colcon.colcon_core.verb:set package 'simple_talker' build argument 'catkin_cmake_args' from command line to 'None'
[1.859s] Level 5:colcon.colcon_core.verb:set package 'simple_talker' build argument 'catkin_skip_building_tests' from command line to 'False'
[1.859s] DEBUG:colcon.colcon_core.verb:Building package 'simple_talker' with the following arguments: {'ament_cmake_args': None, 'build_base': '/home/user/catkin_ws/build/simple_talker', 'catkin_cmake_args': None, 'catkin_skip_building_tests': False, 'cmake_args': None, 'cmake_clean_cache': False, 'cmake_clean_first': False, 'cmake_force_configure': False, 'cmake_target': None, 'cmake_target_skip_unavailable': False, 'install_base': '/home/user/catkin_ws/install/simple_talker', 'merge_install': False, 'path': '/home/user/catkin_ws/src/simple_talker', 'symlink_install': False, 'test_result_base': None}
[1.860s] INFO:colcon.colcon_core.executor:Executing jobs using 'parallel' executor
[1.861s] DEBUG:colcon.colcon_parallel_executor.executor.parallel:run_until_complete
[1.862s] INFO:colcon.colcon_ros.task.ament_cmake.build:Building ROS package in '/home/user/catkin_ws/src/simple_talker' with build type 'ament_cmake'
[1.862s] INFO:colcon.colcon_cmake.task.cmake.build:Building CMake package in '/home/user/catkin_ws/src/simple_talker'
[1.878s] INFO:colcon.colcon_core.plugin_system:Skipping extension 'colcon_core.shell.bat': Not used on non-Windows systems
[1.878s] INFO:colcon.colcon_core.shell:Skip shell extension 'powershell' for command environment: Not usable outside of PowerShell
[1.878s] DEBUG:colcon.colcon_core.shell:Skip shell extension 'dsv' for command environment
[1.893s] DEBUG:colcon.colcon_core.event_handler.log_command:Invoking command in '/home/user/catkin_ws/build/simple_talker': CMAKE_PREFIX_PATH=/opt/ros/humble /usr/bin/cmake /home/user/catkin_ws/src/simple_talker -DCMAKE_INSTALL_PREFIX=/home/user/catkin_ws/install/simple_talker
[7.515s] DEBUG:colcon.colcon_core.event_handler.log_command:Invoked command in '/home/user/catkin_ws/build/simple_talker' returned '0': CMAKE_PREFIX_PATH=/opt/ros/humble /usr/bin/cmake /home/user/catkin_ws/src/simple_talker -DCMAKE_INSTALL_PREFIX=/home/user/catkin_ws/install/simple_talker
[7.519s] DEBUG:colcon.colcon_core.event_handler.log_command:Invoking command in '/home/user/catkin_ws/build/simple_talker': CMAKE_PREFIX_PATH=/opt/ros/humble /usr/bin/cmake --build /home/user/catkin_ws/build/simple_talker -- -j16 -l16
[7.558s] DEBUG:colcon.colcon_core.event_handler.log_command:Invoked command in '/home/user/catkin_ws/build/simple_talker' returned '0': CMAKE_PREFIX_PATH=/opt/ros/humble /usr/bin/cmake --build /home/user/catkin_ws/build/simple_talker -- -j16 -l16
[7.595s] DEBUG:colcon.colcon_core.event_handler.log_command:Invoking command in '/home/user/catkin_ws/build/simple_talker': CMAKE_PREFIX_PATH=/opt/ros/humble /usr/bin/cmake --install /home/user/catkin_ws/build/simple_talker
[7.610s] Level 1:colcon.colcon_core.environment:create_environment_scripts_only(simple_talker)
[7.611s] DEBUG:colcon.colcon_core.event_handler.log_command:Invoked command in '/home/user/catkin_ws/build/simple_talker' returned '0': CMAKE_PREFIX_PATH=/opt/ros/humble /usr/bin/cmake --install /home/user/catkin_ws/build/simple_talker
[7.624s] Level 1:colcon.colcon_core.environment:checking '/home/user/catkin_ws/install/simple_talker' for CMake module files
[7.625s] Level 1:colcon.colcon_core.environment:checking '/home/user/catkin_ws/install/simple_talker' for CMake config files
[7.625s] Level 1:colcon.colcon_core.shell:create_environment_hook('simple_talker', 'cmake_prefix_path')
[7.625s] INFO:colcon.colcon_core.shell:Creating environment hook '/home/user/catkin_ws/install/simple_talker/share/simple_talker/hook/cmake_prefix_path.ps1'
[7.628s] INFO:colcon.colcon_core.shell:Creating environment descriptor '/home/user/catkin_ws/install/simple_talker/share/simple_talker/hook/cmake_prefix_path.dsv'
[7.629s] INFO:colcon.colcon_core.shell:Creating environment hook '/home/user/catkin_ws/install/simple_talker/share/simple_talker/hook/cmake_prefix_path.sh'
[7.632s] Level 1:colcon.colcon_core.environment:checking '/home/user/catkin_ws/install/simple_talker/bin'
[7.632s] Level 1:colcon.colcon_core.environment:checking '/home/user/catkin_ws/install/simple_talker/lib/pkgconfig/simple_talker.pc'
[7.632s] Level 1:colcon.colcon_core.environment:checking '/home/user/catkin_ws/install/simple_talker/lib/python3.10/site-packages'
[7.632s] Level 1:colcon.colcon_core.environment:checking '/home/user/catkin_ws/install/simple_talker/bin'
[7.633s] INFO:colcon.colcon_core.shell:Creating package script '/home/user/catkin_ws/install/simple_talker/share/simple_talker/package.ps1'
[7.634s] INFO:colcon.colcon_core.shell:Creating package descriptor '/home/user/catkin_ws/install/simple_talker/share/simple_talker/package.dsv'
[7.636s] INFO:colcon.colcon_core.shell:Creating package script '/home/user/catkin_ws/install/simple_talker/share/simple_talker/package.sh'
[7.638s] INFO:colcon.colcon_core.shell:Creating package script '/home/user/catkin_ws/install/simple_talker/share/simple_talker/package.bash'
[7.640s] INFO:colcon.colcon_core.shell:Creating package script '/home/user/catkin_ws/install/simple_talker/share/simple_talker/package.zsh'
[7.642s] Level 1:colcon.colcon_core.environment:create_file_with_runtime_dependencies(/home/user/catkin_ws/install/simple_talker/share/colcon-core/packages/simple_talker)
[7.666s] Level 1:colcon.colcon_core.environment:create_environment_scripts_only(simple_talker)
[7.667s] Level 1:colcon.colcon_core.environment:checking '/home/user/catkin_ws/install/simple_talker' for CMake module files
[7.668s] Level 1:colcon.colcon_core.environment:checking '/home/user/catkin_ws/install/simple_talker' for CMake config files
[7.668s] Level 1:colcon.colcon_core.shell:create_environment_hook('simple_talker', 'cmake_prefix_path')
[7.669s] INFO:colcon.colcon_core.shell:Creating environment hook '/home/user/catkin_ws/install/simple_talker/share/simple_talker/hook/cmake_prefix_path.ps1'
[7.670s] INFO:colcon.colcon_core.shell:Creating environment descriptor '/home/user/catkin_ws/install/simple_talker/share/simple_talker/hook/cmake_prefix_path.dsv'
[7.671s] INFO:colcon.colcon_core.shell:Creating environment hook '/home/user/catkin_ws/install/simple_talker/share/simple_talker/hook/cmake_prefix_path.sh'
[7.672s] Level 1:colcon.colcon_core.environment:checking '/home/user/catkin_ws/install/simple_talker/bin'
[7.672s] Level 1:colcon.colcon_core.environment:checking '/home/user/catkin_ws/install/simple_talker/lib/pkgconfig/simple_talker.pc'
[7.672s] Level 1:colcon.colcon_core.environment:checking '/home/user/catkin_ws/install/simple_talker/lib/python3.10/site-packages'
[7.672s] Level 1:colcon.colcon_core.environment:checking '/home/user/catkin_ws/install/simple_talker/bin'
[7.673s] INFO:colcon.colcon_core.shell:Creating package script '/home/user/catkin_ws/install/simple_talker/share/simple_talker/package.ps1'
[7.673s] INFO:colcon.colcon_core.shell:Creating package descriptor '/home/user/catkin_ws/install/simple_talker/share/simple_talker/package.dsv'
[7.674s] INFO:colcon.colcon_core.shell:Creating package script '/home/user/catkin_ws/install/simple_talker/share/simple_talker/package.sh'
[7.674s] INFO:colcon.colcon_core.shell:Creating package script '/home/user/catkin_ws/install/simple_talker/share/simple_talker/package.bash'
[7.675s] INFO:colcon.colcon_core.shell:Creating package script '/home/user/catkin_ws/install/simple_talker/share/simple_talker/package.zsh'
[7.675s] Level 1:colcon.colcon_core.environment:create_file_with_runtime_dependencies(/home/user/catkin_ws/install/simple_talker/share/colcon-core/packages/simple_talker)
[7.675s] DEBUG:colcon.colcon_parallel_executor.executor.parallel:closing loop
[7.677s] DEBUG:colcon.colcon_parallel_executor.executor.parallel:loop closed
[7.677s] DEBUG:colcon.colcon_parallel_executor.executor.parallel:run_until_complete finished with '0'
[7.677s] DEBUG:colcon.colcon_core.event_reactor:joining thread
[7.862s] INFO:colcon.colcon_core.plugin_system:Skipping extension 'colcon_notification.desktop_notification.notify_send': Could not find 'notify-send'
[7.862s] INFO:colcon.colcon_core.plugin_system:Skipping extension 'colcon_notification.desktop_notification.terminal_notifier': Not used on non-Darwin systems
[7.862s] INFO:colcon.colcon_core.plugin_system:Skipping extension 'colcon_notification.desktop_notification.win32': Not used on non-Windows systems
[7.862s] INFO:colcon.colcon_notification.desktop_notification:Sending desktop notification using 'notify2'
[7.862s] DEBUG:colcon.colcon_notification.desktop_notification.notify2:Failed to initialize notify2: org.freedesktop.DBus.Error.FileNotFound: Failed to connect to socket /run/user/1000/bus: No such file or directory
[7.862s] DEBUG:colcon.colcon_core.event_reactor:joined thread
[7.863s] INFO:colcon.colcon_core.shell:Creating prefix script '/home/user/catkin_ws/install/local_setup.ps1'
[7.864s] INFO:colcon.colcon_core.shell:Creating prefix util module '/home/user/catkin_ws/install/_local_setup_util_ps1.py'
[7.867s] INFO:colcon.colcon_core.shell:Creating prefix chain script '/home/user/catkin_ws/install/setup.ps1'
[7.868s] INFO:colcon.colcon_core.shell:Creating prefix script '/home/user/catkin_ws/install/local_setup.sh'
[7.869s] INFO:colcon.colcon_core.shell:Creating prefix util module '/home/user/catkin_ws/install/_local_setup_util_sh.py'
[7.870s] INFO:colcon.colcon_core.shell:Creating prefix chain script '/home/user/catkin_ws/install/setup.sh'
[7.872s] INFO:colcon.colcon_core.shell:Creating prefix script '/home/user/catkin_ws/install/local_setup.bash'
[7.875s] INFO:colcon.colcon_core.shell:Creating prefix chain script '/home/user/catkin_ws/install/setup.bash'
[7.876s] INFO:colcon.colcon_core.shell:Creating prefix script '/home/user/catkin_ws/install/local_setup.zsh'
[7.878s] INFO:colcon.colcon_core.shell:Creating prefix chain script '/home/user/catkin_ws/install/setup.zsh'
